<?xml version="1.0" encoding="UTF-8"?>
<!-- Generated by org.testng.reporters.JUnitReportReporter -->
<testsuite hostname="INHYNJRAYALA02" failures="0" tests="1" name="testng.SampleTest" time="0.008" errors="0" timestamp="2024-06-06T15:12:47 IST" skipped="0">
  <testcase classname="testng.SampleTest" name="oneTest2" time="0.008"/>
</testsuite> <!-- testng.SampleTest -->
