<?xml version="1.0" encoding="UTF-8"?>
<!-- Generated by org.testng.reporters.JUnitReportReporter -->
<testsuite hostname="INHYNJRAYALA02" failures="0" tests="1" name="testng.SampleTestNGTestDemo" time="0.005" errors="0" timestamp="2024-06-06T17:15:12 IST" skipped="0">
  <testcase classname="testng.SampleTestNGTestDemo" name="testOne" time="0.005"/>
</testsuite> <!-- testng.SampleTestNGTestDemo -->
