<?xml version="1.0" encoding="UTF-8"?>
<!-- Generated by org.testng.reporters.JUnitReportReporter -->
<testsuite hostname="INHYNJRAYALA02" failures="0" tests="1" name="one.TestNGTestDemo" time="0.015" errors="0" timestamp="2024-06-06T22:27:34 IST" skipped="0">
  <testcase classname="one.TestNGTestDemo" name="oneTest" time="0.015"/>
</testsuite> <!-- one.TestNGTestDemo -->
