<?xml version="1.0" encoding="UTF-8"?>
<!-- Generated by org.testng.reporters.JUnitReportReporter -->
<testsuite hostname="INHYNJRAYALA02" failures="0" tests="1" name="one.TestNGTestDemo" time="0.004" errors="0" timestamp="2024-06-07T10:18:39 IST" skipped="0">
  <testcase classname="one.TestNGTestDemo" name="oneTest" time="0.004"/>
</testsuite> <!-- one.TestNGTestDemo -->
